=========================================
AWS Daily Resource Report
Date: Sunday 14 December 2025 11:01:40 AM IST
=========================================
Print list of s3 buckets
Print list of EC2 Instances
Print list of lambda functions
{
    "Functions": []
}
Print list of IAM Users
{
    "Users": [
        {
            "Path": "/",
            "UserName": "pruthvi-1",
            "UserId": "AIDARL4HBFVS5PTBDGI2Y",
            "Arn": "arn:aws:iam::094235602277:user/pruthvi-1",
            "CreateDate": "2025-11-29T11:22:18+00:00",
            "PasswordLastUsed": "2025-12-12T11:00:44+00:00"
        },
        {
            "Path": "/",
            "UserName": "Rushikesh_da",
            "UserId": "AIDARL4HBFVSROHP63XGP",
            "Arn": "arn:aws:iam::094235602277:user/Rushikesh_da",
            "CreateDate": "2025-11-29T11:24:23+00:00",
            "PasswordLastUsed": "2025-11-29T11:30:10+00:00"
        }
    ]
}
